<?xml version="1.0" encoding="UTF-8"?>
<testsuite xmlns:xsi="http://www.w3.org/2001/XMLSchema-instance" xsi:noNamespaceSchemaLocation="https://maven.apache.org/surefire/maven-surefire-plugin/xsd/surefire-test-report-3.0.xsd" version="3.0" name="runners.TestRunner" time="1.382" tests="1" errors="0" skipped="0" failures="0">
  <properties>
[...]
</properties>
  <testcase name="Fetch and assert author details for OL1A" classname="Open Library Author API" time="1.201">
    <system-out><![CDATA[
Scenario: Fetch and assert author details for OL1A                            # src/test/resources/features/open_library.feature:6
Request URI:	https://openlibrary.org/authors/OL1A.json
HTTP/1.1 200 OK

==================================================
REQUEST URL  : https://openlibrary.org/authors/OL1A.json
STATUS CODE  : 200
RESPONSE BODY:
{
    "name": "Sachi Routray",
    "bio": {
        "type": "/type/text",
        "value": "Sachidananda Routray (13 May 1916 – 21 August 2004) was an Indian poet, novelist and short-story writer who wrote in Odia. He received Jnanpith Award, the highest literary award of India, in 1986. He was popularly known as Sachi Routray."
    },
    "personal_name": "Sachi Rautroy",
    "death_date": "2004",
    "alternate_names": [
        "Satchidananda Raut Roy",
        "Satchidananda Raut-Roy",
        "Satchidananda Rautroy",
        "Satchi Raut Roy",
        "Satchi Raut-Roy",
        "Satchi Rautroy",
        "Saccidānanda Rāutarāẏa",
        "Yugashrashta Sachi Routray",
        "Sacci Rāutarāẏa",
        "Sachidananda Routray",
        "Rāutarāẏa, Saccidānanda",
        "ସଚ୍ଚିଦାନନ୍ଦ ରାଉତରାୟ ଓଡ଼ିଆ ଲେଖକ",
        "Sachi Rautroy"
    ],
    "birth_date": "1916",
    "type": {
        "key": "/type/author"
    },
    "remote_ids": {
        "wikidata": "Q5320436",
        "isni": "0000000119387514",
        "viaf": "107786978",
        "lc_naf": "n89283686"
    },
    "photos": [
        11538051
    ],
    "key": "/authors/OL1A",
    "latest_revision": 14,
    "revision": 14,
    "created": {
        "type": "/type/datetime",
        "value": "2008-04-01T03:28:50.625462"
    },
    "last_modified": {
        "type": "/type/datetime",
        "value": "2025-06-12T17:03:38.232232"
    }
}
==================================================

  Given I send a GET request to "https://openlibrary.org/authors/OL1A.json"   # steps.OpenLibrarySteps.iSendAGETRequestTo(java.lang.String)
[ASSERT] Status code → 200 (expected 200)
  Then the response status code should be 200                                 # steps.OpenLibrarySteps.theResponseStatusCodeShouldBe(int)
[ASSERT] Field 'personal_name' → 'Sachi Rautroy' (expected 'Sachi Rautroy')
  And the "personal_name" field should be "Sachi Rautroy"                     # steps.OpenLibrarySteps.theFieldShouldBe(java.lang.String,java.lang.String)
[ASSERT] Array 'alternate_names' → [Satchidananda Raut Roy, Satchidananda Raut-Roy, Satchidananda Rautroy, Satchi Raut Roy, Satchi Raut-Roy, Satchi Rautroy, Saccidānanda Rāutarāẏa, Yugashrashta Sachi Routray, Sacci Rāutarāẏa, Sachidananda Routray, Rāutarāẏa, Saccidānanda, ସଚ୍ଚିଦାନନ୍ଦ ରାଉତରାୟ ଓଡ଼ିଆ ଲେଖକ, Sachi Rautroy]
         Checking it contains: 'Yugashrashta Sachi Routray'
  And the "alternate_names" array should contain "Yugashrashta Sachi Routray" # steps.OpenLibrarySteps.theArrayShouldContain(java.lang.String,java.lang.String)
]]></system-out>
  </testcase>
</testsuite>